ERC report (2026-02-20T14:40:57+0000, Encoding UTF8)

***** Sheet /
[unresolved_variable]: Unresolved text variable
    ; warning
    @(0.2032 mm, 0.3175 mm): Text Box

[unresolved_variable]: Unresolved text variable
    ; warning
    @(0.2286 mm, 0.3556 mm): Text Box

[unresolved_variable]: Unresolved text variable
    ; warning
    @(0.8636 mm, 0.3175 mm): Text Box

[unresolved_variable]: Unresolved text variable
    ; warning
    @(0.889 mm, 0.3556 mm): Text Box

[unresolved_variable]: Unresolved text variable
    ; warning
    @(1.524 mm, 0.3175 mm): Text Box

[unresolved_variable]: Unresolved text variable
    ; warning
    @(1.5494 mm, 0.3556 mm): Text Box

[unresolved_variable]: Unresolved text variable
    ; warning
    @(2.1844 mm, 0.3175 mm): Text Box

[unresolved_variable]: Unresolved text variable
    ; warning
    @(2.2098 mm, 0.3556 mm): Text Box

[footprint_link_issues]: The current configuration does not include the footprint library 'Crystal_Kampi'.
    ; warning
    @(0.5715 mm, 0.8001 mm): Symbol Y501 [Crystal]

[footprint_link_issues]: The current configuration does not include the footprint library 'Analog Devices'.
    ; warning
    @(0.8001 mm, 0.7112 mm): Symbol IC501 [MAX32664-SPI-TQFN]

[lib_symbol_issues]: The current configuration does not include the symbol library 'Analog Devices'
    ; warning
    @(0.8001 mm, 0.7112 mm): Symbol IC501 [MAX32664-SPI-TQFN]

[lib_symbol_issues]: The current configuration does not include the symbol library 'ST'
    ; warning
    @(1.4097 mm, 1.27 mm): Symbol IC502 [LIS2DS12]

[footprint_link_issues]: The current configuration does not include the footprint library 'Package_BGA_Kampi'.
    ; warning
    @(2.0066 mm, 0.6604 mm): Symbol IC503 [MAX86141]

[lib_symbol_issues]: The current configuration does not include the symbol library 'Analog Devices'
    ; warning
    @(2.0066 mm, 0.6604 mm): Symbol IC503 [MAX86141]

[footprint_link_issues]: The current configuration does not include the footprint library 'Vishay'.
    ; warning
    @(2.2733 mm, 0.7239 mm): Symbol D501 [D_Photo]

[footprint_link_issues]: The current configuration does not include the footprint library 'Vishay'.
    ; warning
    @(2.2733 mm, 0.762 mm): Symbol D502 [D_Photo]

[footprint_link_issues]: The current configuration does not include the footprint library 'Osram'.
    ; warning
    @(2.5527 mm, 0.6731 mm): Symbol LED501 [SFH7016]

[lib_symbol_issues]: The current configuration does not include the symbol library 'Osram'
    ; warning
    @(2.5527 mm, 0.6731 mm): Symbol LED501 [SFH7016]

[footprint_link_issues]: The current configuration does not include the footprint library 'Amphenol'.
    ; warning
    @(1.0033 mm, 0.9525 mm): Symbol X702 [Conn_02x07_Top_Bottom]

[footprint_link_issues]: The current configuration does not include the footprint library 'Amphenol'.
    ; warning
    @(1.8415 mm, 0.9525 mm): Symbol X701 [Conn_02x07_Top_Bottom]

[footprint_link_issues]: The current configuration does not include the footprint library 'Package_BGA_Kampi'.
    ; warning
    @(1.4859 mm, 0.9017 mm): Symbol IC601 [DA7212-01UM2]

[lib_symbol_issues]: The current configuration does not include the symbol library 'Renesas'
    ; warning
    @(1.4859 mm, 0.9017 mm): Symbol IC601 [DA7212-01UM2]

***** Sheet /Block Diagram/
***** Sheet /Power - Topology/
***** Sheet /Project Architecture/
***** Sheet /Project Architecture/Heartrate/
***** Sheet /Project Architecture/Audio/
***** Sheet /Project Architecture/Connectors/
***** Sheet /Revision History/
 ** ERC messages: 22  Errors 0  Warnings 22
